Compiling the CXX compiler identification source file "CMakeCXXCompilerId.cpp" failed.
Compiler: /usr/bin/CC 
Build flags: 
Id flags:  

The output was:
1
CC: fatal error: cannot execute 'cc1plus': spawn: No such file or directory
compilation terminated.


Compiling the CXX compiler identification source file "CMakeCXXCompilerId.cpp" failed.
Compiler: /usr/bin/CC 
Build flags: 
Id flags: -c 

The output was:
1
CC: fatal error: cannot execute 'cc1plus': spawn: No such file or directory
compilation terminated.


Compiling the CXX compiler identification source file "CMakeCXXCompilerId.cpp" failed.
Compiler: /usr/bin/CC 
Build flags: 
Id flags: --c++ 

The output was:
1
CC: error: unrecognized command line option '--c++'


Compiling the CXX compiler identification source file "CMakeCXXCompilerId.cpp" failed.
Compiler: /usr/bin/CC 
Build flags: 
Id flags: --ec++ 

The output was:
1
CC: error: unrecognized command line option '--ec++'; did you mean '-Weffc++'?


Compiling the CXX compiler identification source file "CMakeCXXCompilerId.cpp" failed.
Compiler: /usr/bin/CC 
Build flags: 
Id flags: --target=arm-arm-none-eabi;-mcpu=cortex-m3 

The output was:
1
CC: warning: '-mcpu=' is deprecated; use '-mtune=' or '-march=' instead
CC: error: unrecognized command line option '--target=arm-arm-none-eabi'


Compiling the CXX compiler identification source file "CMakeCXXCompilerId.cpp" failed.
Compiler: /usr/bin/CC 
Build flags: 
Id flags:  

The output was:
1
CC: fatal error: cannot execute 'cc1plus': spawn: No such file or directory
compilation terminated.


Compiling the CXX compiler identification source file "CMakeCXXCompilerId.cpp" failed.
Compiler: /usr/bin/CC 
Build flags: 
Id flags: -c 

The output was:
1
CC: fatal error: cannot execute 'cc1plus': spawn: No such file or directory
compilation terminated.


Compiling the CXX compiler identification source file "CMakeCXXCompilerId.cpp" failed.
Compiler: /usr/bin/CC 
Build flags: 
Id flags: --c++ 

The output was:
1
CC: error: unrecognized command line option '--c++'


Compiling the CXX compiler identification source file "CMakeCXXCompilerId.cpp" failed.
Compiler: /usr/bin/CC 
Build flags: 
Id flags: --ec++ 

The output was:
1
CC: error: unrecognized command line option '--ec++'; did you mean '-Weffc++'?


Compiling the CXX compiler identification source file "CMakeCXXCompilerId.cpp" failed.
Compiler: /usr/bin/CC 
Build flags: 
Id flags: --target=arm-arm-none-eabi;-mcpu=cortex-m3 

The output was:
1
CC: warning: '-mcpu=' is deprecated; use '-mtune=' or '-march=' instead
CC: error: unrecognized command line option '--target=arm-arm-none-eabi'


Checking whether the CXX compiler is IAR using "" did not match "IAR .+ Compiler":
CC: fatal error: no input files
compilation terminated.
Checking whether the CXX compiler is IAR using "" did not match "IAR .+ Compiler":
CC: fatal error: no input files
compilation terminated.
Determining if the CXX compiler works failed with the following output:
Change Dir: /cygdrive/c/Users/hennf/CLionProjects/MeBike/cmake-build-debug/CMakeFiles/CMakeTmp

Run Build Command(s):/usr/bin/make.exe cmTC_d8baf/fast && /usr/bin/make -f CMakeFiles/cmTC_d8baf.dir/build.make CMakeFiles/cmTC_d8baf.dir/build
make[1]: Entering directory '/cygdrive/c/Users/hennf/CLionProjects/MeBike/cmake-build-debug/CMakeFiles/CMakeTmp'
Building CXX object CMakeFiles/cmTC_d8baf.dir/testCXXCompiler.cxx.o
/usr/bin/CC     -o CMakeFiles/cmTC_d8baf.dir/testCXXCompiler.cxx.o -c /cygdrive/c/Users/hennf/CLionProjects/MeBike/cmake-build-debug/CMakeFiles/CMakeTmp/testCXXCompiler.cxx
CC: fatal error: cannot execute 'cc1plus': spawn: No such file or directory
compilation terminated.
make[1]: *** [CMakeFiles/cmTC_d8baf.dir/build.make:66: CMakeFiles/cmTC_d8baf.dir/testCXXCompiler.cxx.o] Error 1
make[1]: Leaving directory '/cygdrive/c/Users/hennf/CLionProjects/MeBike/cmake-build-debug/CMakeFiles/CMakeTmp'
make: *** [Makefile:121: cmTC_d8baf/fast] Error 2



